<?xml version="1.0" encoding="UTF-8"?>
<testng-results ignored="0" total="1" passed="1" failed="0" skipped="0">
  <reporter-output>
  </reporter-output>
  <suite started-at="2022-05-05T14:21:33 IST" name="demo1Suite" finished-at="2022-05-05T14:21:40 IST" duration-ms="6995">
    <groups>
    </groups>
    <test started-at="2022-05-05T14:21:33 IST" name="xathTest" finished-at="2022-05-05T14:21:40 IST" duration-ms="6995">
      <class name="pomfilewrk.naistam.Xpathp">
        <test-method is-config="true" signature="xps(java.lang.String)[pri:0, instance:pomfilewrk.naistam.Xpathp@2ed2d9cb]" started-at="2022-05-05T14:21:33 IST" name="xps" finished-at="2022-05-05T14:21:39 IST" duration-ms="6095" status="PASS">
          <params>
            <param index="0">
              <value>
                <![CDATA[chome]]>
              </value>
            </param>
          </params>
          <reporter-output>
          </reporter-output>
        </test-method> <!-- xps -->
        <test-method signature="methods1()[pri:0, instance:pomfilewrk.naistam.Xpathp@2ed2d9cb]" started-at="2022-05-05T14:21:39 IST" name="methods1" finished-at="2022-05-05T14:21:40 IST" duration-ms="643" status="PASS">
          <reporter-output>
          </reporter-output>
        </test-method> <!-- methods1 -->
        <test-method is-config="true" signature="teardown()[pri:0, instance:pomfilewrk.naistam.Xpathp@2ed2d9cb]" started-at="2022-05-05T14:21:40 IST" name="teardown" finished-at="2022-05-05T14:21:40 IST" duration-ms="214" status="PASS">
          <reporter-output>
          </reporter-output>
        </test-method> <!-- teardown -->
      </class> <!-- pomfilewrk.naistam.Xpathp -->
    </test> <!-- xathTest -->
  </suite> <!-- demo1Suite -->
</testng-results>
